OptiLayer Design Report, version: 15.12
15.01.2023 17:23:50
Root directory:    c:\users\public\documents\optilayer_2021-dez\
Problem directory: VPT_NBPF-656nm_LEE-2
**********************************************************

Units: L: nm

Layer Materials:
  H - Ta2O5_ARGUS
  L - SiO2_ARGUS

Design file: NBPF
Comment: N = 248, MF = 1.27695E+001, TPhT = 14450.2, Mat: 2 (H - Ta2O5, L - SiO2)
         Target:

The number of layers = 64
Control wavelength   = 656.5 nm
Match angle          = 0 deg
Match medium         = 1.000000    

   #  Physical th. Optical th.    FWOT         QWOT    Mat   Status
   1     24.000      51.393     0.078284     0.313136   H     A
   2     48.340      71.260     0.108545     0.434182   L     A
   3     86.010     184.181     0.280550     1.122202   H     A
   4    116.350     171.516     0.261259     1.045036   L     A
   5     79.160     169.513     0.258207     1.032827   H     A
   6    112.910     166.445     0.253535     1.014138   L     A
   7     76.620     164.074     0.249922     0.999687   H     A
   8    111.710     164.676     0.250840     1.003360   L     A
   9    122.320     261.935     0.398988     1.595950   H     A
  10    173.620     255.941     0.389856     1.559425   L     A
  11     75.990     162.725     0.247867     0.991467   H     A
  12    111.240     163.984     0.249785     0.999138   L     A
  13     76.770     164.395     0.250411     1.001644   H     A
  14    111.730     164.706     0.250885     1.003540   L     A
  15     77.240     165.401     0.251944     1.007776   H     A
  16    112.590     165.974     0.252816     1.011264   L     A
  17     77.800     166.600     0.253771     1.015083   H     A
  18    112.790     166.269     0.253265     1.013060   L     A
  19     77.500     165.958     0.252792     1.011169   H     A
  20    111.880     164.927     0.251222     1.004887   L     A
  21     77.050     164.994     0.251324     1.005297   H     A
  22    111.990     165.089     0.251469     1.005875   L     A
  23     77.510     165.979     0.252825     1.011299   H     A
  24    223.690     329.751     0.502286     2.009145   L     A
  25     81.160     173.796     0.264730     1.058922   H     A
  26     99.390     146.515     0.223176     0.892704   L     A
  27     79.510     170.262     0.259348     1.037394   H     A
  28    113.780     167.728     0.255488     1.021952   L     A
  29     76.990     164.866     0.251129     1.004515   H     A
  30    113.130     166.770     0.254029     1.016114   L     A
  31     77.330     165.594     0.252238     1.008951   H     A
  32    112.980     166.549     0.253692     1.014767   L     A
  33     77.090     165.080     0.251455     1.005819   H     A
  34    112.910     166.445     0.253535     1.014138   L     A
  35     76.950     164.780     0.250998     1.003993   H     A
  36    114.980     169.497     0.258183     1.032730   L     A
  37     80.200     171.740     0.261599     1.046397   H     A
  38    112.760     166.224     0.253198     1.012791   L     A
  39     60.680     129.940     0.197928     0.791712   H     A
  40    236.820     349.106     0.531769     2.127076   L     A
  41     77.940     166.900     0.254227     1.016910   H     A
  42    111.730     164.706     0.250885     1.003540   L     A
  43     77.160     165.230     0.251683     1.006733   H     A
  44    111.960     165.045     0.251401     1.005605   L     A
  45     77.690     166.365     0.253412     1.013648   H     A
  46    113.030     166.622     0.253804     1.015216   L     A
  47     77.870     166.750     0.253999     1.015996   H     A
  48    111.830     164.853     0.251109     1.004438   L     A
  49     76.750     164.352     0.250346     1.001383   H     A
  50    111.210     163.939     0.249717     0.998869   L     A
  51     74.120     158.720     0.241767     0.967069   H     A
  52    115.710     170.573     0.259822     1.039287   L     A
  53    110.850     237.374     0.361574     1.446297   H     A
  54    159.830     235.612     0.358891     1.435565   L     A
  55     25.750      55.141     0.083992     0.335969   H     A
  56    222.740     328.350     0.500153     2.000612   L     A
  57     77.480     165.915     0.252727     1.010908   H     A
  58    111.450     164.293     0.250256     1.001025   L     A
  59     77.270     165.466     0.252042     1.008168   H     A
  60    111.570     164.470     0.250526     1.002102   L     A
  61     77.210     165.337     0.251846     1.007385   H     A
  62    110.120     162.333     0.247270     0.989079   L     A
  63    121.170     259.473     0.395236     1.580946   H     A
  64     71.610     105.563     0.160797     0.643189   L     A
