OptiLayer Substrate/Incident/Exit Medium Report, version: 15.12
15.01.2023 17:25:26
Root directory:    c:\users\public\documents\optilayer_2021-dez\
Problem directory: VPT_NBPF-656nm_LEE-2
**********************************************************

Units: L: nm, Sp: nm

Substrate/Incident/Exit Medium file: B 270 actual
Comment: valid range: 300 nm to 2500 nm

  n given by the dispersion table (linear interpolation)
  k given by the dispersion table (linear interpolation)
 Wavelength       n            k
  350.0000    1.548389    0.0000000000
  351.0000    1.548151    0.0000000000
  352.0000    1.547914    0.0000000000
  353.0000    1.547681    0.0000000000
  354.0000    1.547449    0.0000000000
  355.0000    1.547220    0.0000000000
  356.0000    1.546993    0.0000000000
  357.0000    1.546768    0.0000000000
  358.0000    1.546546    0.0000000000
  359.0000    1.546325    0.0000000000
  360.0000    1.546107    0.0000000000
  361.0000    1.545891    0.0000000000
  362.0000    1.545676    0.0000000000
  363.0000    1.545464    0.0000000000
  364.0000    1.545254    0.0000000000
  365.0000    1.545046    0.0000000000
  366.0000    1.544840    0.0000000000
  367.0000    1.544635    0.0000000000
  368.0000    1.544433    0.0000000000
  369.0000    1.544232    0.0000000000
  370.0000    1.544034    0.0000000000
  371.0000    1.543837    0.0000000000
  372.0000    1.543642    0.0000000000
  373.0000    1.543449    0.0000000000
  374.0000    1.543257    0.0000000000
  375.0000    1.543067    0.0000000000
  376.0000    1.542879    0.0000000000
  377.0000    1.542693    0.0000000000
  378.0000    1.542508    0.0000000000
  379.0000    1.542325    0.0000000000
  380.0000    1.542144    0.0000000000
  381.0000    1.541964    0.0000000000
  382.0000    1.541786    0.0000000000
  383.0000    1.541609    0.0000000000
  384.0000    1.541434    0.0000000000
  385.0000    1.541260    0.0000000000
  386.0000    1.541088    0.0000000000
  387.0000    1.540917    0.0000000000
  388.0000    1.540748    0.0000000000
  389.0000    1.540581    0.0000000000
  390.0000    1.540414    0.0000000000
  391.0000    1.540250    0.0000000000
  392.0000    1.540086    0.0000000000
  393.0000    1.539924    0.0000000000
  394.0000    1.539764    0.0000000000
  395.0000    1.539604    0.0000000000
  396.0000    1.539446    0.0000000000
  397.0000    1.539290    0.0000000000
  398.0000    1.539134    0.0000000000
  399.0000    1.538980    0.0000000000
  400.0000    1.538828    0.0000000000
  401.0000    1.538676    0.0000000000
  402.0000    1.538526    0.0000000000
  403.0000    1.538377    0.0000000000
  404.0000    1.538229    0.0000000000
  405.0000    1.538083    0.0000000000
  406.0000    1.537937    0.0000000000
  407.0000    1.537793    0.0000000000
  408.0000    1.537650    0.0000000000
  409.0000    1.537508    0.0000000000
  410.0000    1.537367    0.0000000000
  411.0000    1.537228    0.0000000000
  412.0000    1.537089    0.0000000000
  413.0000    1.536952    0.0000000000
  414.0000    1.536815    0.0000000000
  415.0000    1.536680    0.0000000000
  416.0000    1.536546    0.0000000000
  417.0000    1.536413    0.0000000000
  418.0000    1.536281    0.0000000000
  419.0000    1.536150    0.0000000000
  420.0000    1.536020    0.0000000000
  421.0000    1.535891    0.0000000000
  422.0000    1.535763    0.0000000000
  423.0000    1.535635    0.0000000000
  424.0000    1.535509    0.0000000000
  425.0000    1.535384    0.0000000000
  426.0000    1.535260    0.0000000000
  427.0000    1.535137    0.0000000000
  428.0000    1.535015    0.0000000000
  429.0000    1.534893    0.0000000000
  430.0000    1.534773    0.0000000000
  431.0000    1.534653    0.0000000000
  432.0000    1.534535    0.0000000000
  433.0000    1.534417    0.0000000000
  434.0000    1.534300    0.0000000000
  435.0000    1.534184    0.0000000000
  436.0000    1.534069    0.0000000000
  437.0000    1.533954    0.0000000000
  438.0000    1.533841    0.0000000000
  439.0000    1.533728    0.0000000000
  440.0000    1.533616    0.0000000000
  441.0000    1.533505    0.0000000000
  442.0000    1.533395    0.0000000000
  443.0000    1.533286    0.0000000000
  444.0000    1.533177    0.0000000000
  445.0000    1.533069    0.0000000000
  446.0000    1.532962    0.0000000000
  447.0000    1.532856    0.0000000000
  448.0000    1.532750    0.0000000000
  449.0000    1.532645    0.0000000000
  450.0000    1.532541    0.0000000000
  451.0000    1.532438    0.0000000000
  452.0000    1.532335    0.0000000000
  453.0000    1.532233    0.0000000000
  454.0000    1.532132    0.0000000000
  455.0000    1.532032    0.0000000000
  456.0000    1.531932    0.0000000000
  457.0000    1.531833    0.0000000000
  458.0000    1.531735    0.0000000000
  459.0000    1.531637    0.0000000000
  460.0000    1.531540    0.0000000000
  461.0000    1.531443    0.0000000000
  462.0000    1.531348    0.0000000000
  463.0000    1.531253    0.0000000000
  464.0000    1.531158    0.0000000000
  465.0000    1.531065    0.0000000000
  466.0000    1.530971    0.0000000000
  467.0000    1.530879    0.0000000000
  468.0000    1.530787    0.0000000000
  469.0000    1.530696    0.0000000000
  470.0000    1.530605    0.0000000000
  471.0000    1.530515    0.0000000000
  472.0000    1.530426    0.0000000000
  473.0000    1.530337    0.0000000000
  474.0000    1.530248    0.0000000000
  475.0000    1.530161    0.0000000000
  476.0000    1.530074    0.0000000000
  477.0000    1.529987    0.0000000000
  478.0000    1.529901    0.0000000000
  479.0000    1.529816    0.0000000000
  480.0000    1.529731    0.0000000000
  481.0000    1.529646    0.0000000000
  482.0000    1.529563    0.0000000000
  483.0000    1.529479    0.0000000000
  484.0000    1.529397    0.0000000000
  485.0000    1.529315    0.0000000000
  486.0000    1.529233    0.0000000000
  487.0000    1.529152    0.0000000000
  488.0000    1.529071    0.0000000000
  489.0000    1.528991    0.0000000000
  490.0000    1.528911    0.0000000000
  491.0000    1.528832    0.0000000000
  492.0000    1.528754    0.0000000000
  493.0000    1.528676    0.0000000000
  494.0000    1.528598    0.0000000000
  495.0000    1.528521    0.0000000000
  496.0000    1.528444    0.0000000000
  497.0000    1.528368    0.0000000000
  498.0000    1.528292    0.0000000000
  499.0000    1.528217    0.0000000000
  500.0000    1.528142    0.0000000000
  501.0000    1.528068    0.0000000000
  502.0000    1.527994    0.0000000000
  503.0000    1.527921    0.0000000000
  504.0000    1.527848    0.0000000000
  505.0000    1.527775    0.0000000000
  506.0000    1.527703    0.0000000000
  507.0000    1.527631    0.0000000000
  508.0000    1.527560    0.0000000000
  509.0000    1.527489    0.0000000000
  510.0000    1.527419    0.0000000000
  511.0000    1.527349    0.0000000000
  512.0000    1.527280    0.0000000000
  513.0000    1.527211    0.0000000000
  514.0000    1.527142    0.0000000000
  515.0000    1.527074    0.0000000000
  516.0000    1.527006    0.0000000000
  517.0000    1.526938    0.0000000000
  518.0000    1.526871    0.0000000000
  519.0000    1.526804    0.0000000000
  520.0000    1.526738    0.0000000000
  521.0000    1.526672    0.0000000000
  522.0000    1.526606    0.0000000000
  523.0000    1.526541    0.0000000000
  524.0000    1.526476    0.0000000000
  525.0000    1.526412    0.0000000000
  526.0000    1.526348    0.0000000000
  527.0000    1.526284    0.0000000000
  528.0000    1.526221    0.0000000000
  529.0000    1.526158    0.0000000000
  530.0000    1.526095    0.0000000000
  531.0000    1.526033    0.0000000000
  532.0000    1.525971    0.0000000000
  533.0000    1.525910    0.0000000000
  534.0000    1.525848    0.0000000000
  535.0000    1.525788    0.0000000000
  536.0000    1.525727    0.0000000000
  537.0000    1.525667    0.0000000000
  538.0000    1.525607    0.0000000000
  539.0000    1.525547    0.0000000000
  540.0000    1.525488    0.0000000000
  541.0000    1.525429    0.0000000000
  542.0000    1.525371    0.0000000000
  543.0000    1.525313    0.0000000000
  544.0000    1.525255    0.0000000000
  545.0000    1.525197    0.0000000000
  546.0000    1.525140    0.0000000000
  547.0000    1.525083    0.0000000000
  548.0000    1.525026    0.0000000000
  549.0000    1.524970    0.0000000000
  550.0000    1.524914    0.0000000000
  551.0000    1.524858    0.0000000000
  552.0000    1.524803    0.0000000000
  553.0000    1.524748    0.0000000000
  554.0000    1.524693    0.0000000000
  555.0000    1.524638    0.0000000000
  556.0000    1.524584    0.0000000000
  557.0000    1.524530    0.0000000000
  558.0000    1.524476    0.0000000000
  559.0000    1.524423    0.0000000000
  560.0000    1.524370    0.0000000000
  561.0000    1.524317    0.0000000000
  562.0000    1.524264    0.0000000000
  563.0000    1.524212    0.0000000000
  564.0000    1.524160    0.0000000000
  565.0000    1.524108    0.0000000000
  566.0000    1.524057    0.0000000000
  567.0000    1.524005    0.0000000000
  568.0000    1.523954    0.0000000000
  569.0000    1.523904    0.0000000000
  570.0000    1.523853    0.0000000000
  571.0000    1.523803    0.0000000000
  572.0000    1.523753    0.0000000000
  573.0000    1.523703    0.0000000000
  574.0000    1.523654    0.0000000000
  575.0000    1.523605    0.0000000000
  576.0000    1.523556    0.0000000000
  577.0000    1.523507    0.0000000000
  578.0000    1.523459    0.0000000000
  579.0000    1.523410    0.0000000000
  580.0000    1.523362    0.0000000000
  581.0000    1.523315    0.0000000000
  582.0000    1.523267    0.0000000000
  583.0000    1.523220    0.0000000000
  584.0000    1.523173    0.0000000000
  585.0000    1.523126    0.0000000000
  586.0000    1.523080    0.0000000000
  587.0000    1.523033    0.0000000000
  588.0000    1.522987    0.0000000000
  589.0000    1.522941    0.0000000000
  590.0000    1.522896    0.0000000000
  591.0000    1.522850    0.0000000000
  592.0000    1.522805    0.0000000000
  593.0000    1.522760    0.0000000000
  594.0000    1.522715    0.0000000000
  595.0000    1.522671    0.0000000000
  596.0000    1.522626    0.0000000000
  597.0000    1.522582    0.0000000000
  598.0000    1.522538    0.0000000000
  599.0000    1.522495    0.0000000000
  600.0000    1.522451    0.0000000000
  601.0000    1.522408    0.0000000000
  602.0000    1.522365    0.0000000000
  603.0000    1.522322    0.0000000000
  604.0000    1.522279    0.0000000000
  605.0000    1.522237    0.0000000000
  606.0000    1.522194    0.0000000000
  607.0000    1.522152    0.0000000000
  608.0000    1.522110    0.0000000000
  609.0000    1.522069    0.0000000000
  610.0000    1.522027    0.0000000000
  611.0000    1.521986    0.0000000000
  612.0000    1.521945    0.0000000000
  613.0000    1.521904    0.0000000000
  614.0000    1.521863    0.0000000000
  615.0000    1.521822    0.0000000000
  616.0000    1.521782    0.0000000000
  617.0000    1.521742    0.0000000000
  618.0000    1.521702    0.0000000000
  619.0000    1.521662    0.0000000000
  620.0000    1.521622    0.0000000000
  621.0000    1.521583    0.0000000000
  622.0000    1.521544    0.0000000000
  623.0000    1.521504    0.0000000000
  624.0000    1.521465    0.0000000000
  625.0000    1.521427    0.0000000000
  626.0000    1.521388    0.0000000000
  627.0000    1.521350    0.0000000000
  628.0000    1.521311    0.0000000000
  629.0000    1.521273    0.0000000000
  630.0000    1.521235    0.0000000000
  631.0000    1.521198    0.0000000000
  632.0000    1.521160    0.0000000000
  633.0000    1.521123    0.0000000000
  634.0000    1.521085    0.0000000000
  635.0000    1.521048    0.0000000000
  636.0000    1.521011    0.0000000000
  637.0000    1.520974    0.0000000000
  638.0000    1.520938    0.0000000000
  639.0000    1.520901    0.0000000000
  640.0000    1.520865    0.0000000000
  641.0000    1.520829    0.0000000000
  642.0000    1.520793    0.0000000000
  643.0000    1.520757    0.0000000000
  644.0000    1.520721    0.0000000000
  645.0000    1.520686    0.0000000000
  646.0000    1.520650    0.0000000000
  647.0000    1.520615    0.0000000000
  648.0000    1.520580    0.0000000000
  649.0000    1.520545    0.0000000000
  650.0000    1.520510    0.0000000000
  651.0000    1.520476    0.0000000000
  652.0000    1.520441    0.0000000000
  653.0000    1.520407    0.0000000000
  654.0000    1.520372    0.0000000000
  655.0000    1.520338    0.0000000000
  656.0000    1.520304    0.0000000000
  657.0000    1.520271    0.0000000000
  658.0000    1.520237    0.0000000000
  659.0000    1.520203    0.0000000000
  660.0000    1.520170    0.0000000000
  661.0000    1.520137    0.0000000000
  662.0000    1.520104    0.0000000000
  663.0000    1.520071    0.0000000000
  664.0000    1.520038    0.0000000000
  665.0000    1.520005    0.0000000000
  666.0000    1.519972    0.0000000000
  667.0000    1.519940    0.0000000000
  668.0000    1.519908    0.0000000000
  669.0000    1.519875    0.0000000000
  670.0000    1.519843    0.0000000000
  671.0000    1.519811    0.0000000000
  672.0000    1.519780    0.0000000000
  673.0000    1.519748    0.0000000000
  674.0000    1.519716    0.0000000000
  675.0000    1.519685    0.0000000000
  676.0000    1.519653    0.0000000000
  677.0000    1.519622    0.0000000000
  678.0000    1.519591    0.0000000000
  679.0000    1.519560    0.0000000000
  680.0000    1.519529    0.0000000000
  681.0000    1.519499    0.0000000000
  682.0000    1.519468    0.0000000000
  683.0000    1.519438    0.0000000000
  684.0000    1.519407    0.0000000000
  685.0000    1.519377    0.0000000000
  686.0000    1.519347    0.0000000000
  687.0000    1.519317    0.0000000000
  688.0000    1.519287    0.0000000000
  689.0000    1.519257    0.0000000000
  690.0000    1.519227    0.0000000000
  691.0000    1.519198    0.0000000000
  692.0000    1.519168    0.0000000000
  693.0000    1.519139    0.0000000000
  694.0000    1.519110    0.0000000000
  695.0000    1.519081    0.0000000000
  696.0000    1.519052    0.0000000000
  697.0000    1.519023    0.0000000000
  698.0000    1.518994    0.0000000000
  699.0000    1.518965    0.0000000000
  700.0000    1.518936    0.0000000000
  701.0000    1.518908    0.0000000000
  702.0000    1.518880    0.0000000000
  703.0000    1.518851    0.0000000000
  704.0000    1.518823    0.0000000000
  705.0000    1.518795    0.0000000000
  706.0000    1.518767    0.0000000000
  707.0000    1.518739    0.0000000000
  708.0000    1.518711    0.0000000000
  709.0000    1.518684    0.0000000000
  710.0000    1.518656    0.0000000000
  711.0000    1.518629    0.0000000000
  712.0000    1.518601    0.0000000000
  713.0000    1.518574    0.0000000000
  714.0000    1.518547    0.0000000000
  715.0000    1.518520    0.0000000000
  716.0000    1.518493    0.0000000000
  717.0000    1.518466    0.0000000000
  718.0000    1.518439    0.0000000000
  719.0000    1.518412    0.0000000000
  720.0000    1.518386    0.0000000000
  721.0000    1.518359    0.0000000000
  722.0000    1.518333    0.0000000000
  723.0000    1.518306    0.0000000000
  724.0000    1.518280    0.0000000000
  725.0000    1.518254    0.0000000000
  726.0000    1.518228    0.0000000000
  727.0000    1.518202    0.0000000000
  728.0000    1.518176    0.0000000000
  729.0000    1.518150    0.0000000000
  730.0000    1.518124    0.0000000000
  731.0000    1.518099    0.0000000000
  732.0000    1.518073    0.0000000000
  733.0000    1.518048    0.0000000000
  734.0000    1.518022    0.0000000000
  735.0000    1.517997    0.0000000000
  736.0000    1.517972    0.0000000000
  737.0000    1.517947    0.0000000000
  738.0000    1.517922    0.0000000000
  739.0000    1.517897    0.0000000000
  740.0000    1.517872    0.0000000000
  741.0000    1.517847    0.0000000000
  742.0000    1.517822    0.0000000000
  743.0000    1.517798    0.0000000000
  744.0000    1.517773    0.0000000000
  745.0000    1.517749    0.0000000000
  746.0000    1.517724    0.0000000000
  747.0000    1.517700    0.0000000000
  748.0000    1.517676    0.0000000000
  749.0000    1.517652    0.0000000000
  750.0000    1.517628    0.0000000000
  751.0000    1.517604    0.0000000000
  752.0000    1.517580    0.0000000000
  753.0000    1.517556    0.0000000000
  754.0000    1.517532    0.0000000000
  755.0000    1.517508    0.0000000000
  756.0000    1.517485    0.0000000000
  757.0000    1.517461    0.0000000000
  758.0000    1.517438    0.0000000000
  759.0000    1.517414    0.0000000000
  760.0000    1.517391    0.0000000000
  761.0000    1.517368    0.0000000000
  762.0000    1.517345    0.0000000000
  763.0000    1.517321    0.0000000000
  764.0000    1.517298    0.0000000000
  765.0000    1.517275    0.0000000000
  766.0000    1.517253    0.0000000000
  767.0000    1.517230    0.0000000000
  768.0000    1.517207    0.0000000000
  769.0000    1.517184    0.0000000000
  770.0000    1.517162    0.0000000000
  771.0000    1.517139    0.0000000000
  772.0000    1.517117    0.0000000000
  773.0000    1.517094    0.0000000000
  774.0000    1.517072    0.0000000000
  775.0000    1.517050    0.0000000000
  776.0000    1.517027    0.0000000000
  777.0000    1.517005    0.0000000000
  778.0000    1.516983    0.0000000000
  779.0000    1.516961    0.0000000000
  780.0000    1.516939    0.0000000000
  781.0000    1.516917    0.0000000000
  782.0000    1.516896    0.0000000000
  783.0000    1.516874    0.0000000000
  784.0000    1.516852    0.0000000000
  785.0000    1.516831    0.0000000000
  786.0000    1.516809    0.0000000000
  787.0000    1.516787    0.0000000000
  788.0000    1.516766    0.0000000000
  789.0000    1.516745    0.0000000000
  790.0000    1.516723    0.0000000000
  791.0000    1.516702    0.0000000000
  792.0000    1.516681    0.0000000000
  793.0000    1.516660    0.0000000000
  794.0000    1.516639    0.0000000000
  795.0000    1.516618    0.0000000000
  796.0000    1.516597    0.0000000000
  797.0000    1.516576    0.0000000000
  798.0000    1.516555    0.0000000000
  799.0000    1.516534    0.0000000000
  800.0000    1.516514    0.0000000000
  801.0000    1.516493    0.0000000000
  802.0000    1.516472    0.0000000000
  803.0000    1.516452    0.0000000000
  804.0000    1.516431    0.0000000000
  805.0000    1.516411    0.0000000000
  806.0000    1.516390    0.0000000000
  807.0000    1.516370    0.0000000000
  808.0000    1.516350    0.0000000000
  809.0000    1.516330    0.0000000000
  810.0000    1.516310    0.0000000000
  811.0000    1.516289    0.0000000000
  812.0000    1.516269    0.0000000000
  813.0000    1.516249    0.0000000000
  814.0000    1.516229    0.0000000000
  815.0000    1.516210    0.0000000000
  816.0000    1.516190    0.0000000000
  817.0000    1.516170    0.0000000000
  818.0000    1.516150    0.0000000000
  819.0000    1.516131    0.0000000000
  820.0000    1.516111    0.0000000000
  821.0000    1.516091    0.0000000000
  822.0000    1.516072    0.0000000000
  823.0000    1.516052    0.0000000000
  824.0000    1.516033    0.0000000000
  825.0000    1.516014    0.0000000000
  826.0000    1.515994    0.0000000000
  827.0000    1.515975    0.0000000000
  828.0000    1.515956    0.0000000000
  829.0000    1.515937    0.0000000000
  830.0000    1.515918    0.0000000000
  831.0000    1.515899    0.0000000000
  832.0000    1.515880    0.0000000000
  833.0000    1.515861    0.0000000000
  834.0000    1.515842    0.0000000000
  835.0000    1.515823    0.0000000000
  836.0000    1.515804    0.0000000000
  837.0000    1.515785    0.0000000000
  838.0000    1.515766    0.0000000000
  839.0000    1.515748    0.0000000000
  840.0000    1.515729    0.0000000000
  841.0000    1.515711    0.0000000000
  842.0000    1.515692    0.0000000000
  843.0000    1.515673    0.0000000000
  844.0000    1.515655    0.0000000000
  845.0000    1.515637    0.0000000000
  846.0000    1.515618    0.0000000000
  847.0000    1.515600    0.0000000000
  848.0000    1.515582    0.0000000000
  849.0000    1.515563    0.0000000000
  850.0000    1.515545    0.0000000000
  851.0000    1.515527    0.0000000000
  852.0000    1.515509    0.0000000000
  853.0000    1.515491    0.0000000000
  854.0000    1.515473    0.0000000000
  855.0000    1.515455    0.0000000000
  856.0000    1.515437    0.0000000000
  857.0000    1.515419    0.0000000000
  858.0000    1.515401    0.0000000000
  859.0000    1.515384    0.0000000000
  860.0000    1.515366    0.0000000000
  861.0000    1.515348    0.0000000000
  862.0000    1.515330    0.0000000000
  863.0000    1.515313    0.0000000000
  864.0000    1.515295    0.0000000000
  865.0000    1.515278    0.0000000000
  866.0000    1.515260    0.0000000000
  867.0000    1.515243    0.0000000000
  868.0000    1.515225    0.0000000000
  869.0000    1.515208    0.0000000000
  870.0000    1.515190    0.0000000000
  871.0000    1.515173    0.0000000000
  872.0000    1.515156    0.0000000000
  873.0000    1.515139    0.0000000000
  874.0000    1.515121    0.0000000000
  875.0000    1.515104    0.0000000000
  876.0000    1.515087    0.0000000000
  877.0000    1.515070    0.0000000000
  878.0000    1.515053    0.0000000000
  879.0000    1.515036    0.0000000000
  880.0000    1.515019    0.0000000000
  881.0000    1.515002    0.0000000000
  882.0000    1.514985    0.0000000000
  883.0000    1.514968    0.0000000000
  884.0000    1.514952    0.0000000000
  885.0000    1.514935    0.0000000000
  886.0000    1.514918    0.0000000000
  887.0000    1.514901    0.0000000000
  888.0000    1.514885    0.0000000000
  889.0000    1.514868    0.0000000000
  890.0000    1.514851    0.0000000000
  891.0000    1.514835    0.0000000000
  892.0000    1.514818    0.0000000000
  893.0000    1.514802    0.0000000000
  894.0000    1.514785    0.0000000000
  895.0000    1.514769    0.0000000000
  896.0000    1.514752    0.0000000000
  897.0000    1.514736    0.0000000000
  898.0000    1.514720    0.0000000000
  899.0000    1.514703    0.0000000000
  900.0000    1.514687    0.0000000000
  901.0000    1.514671    0.0000000000
  902.0000    1.514655    0.0000000000
  903.0000    1.514639    0.0000000000
  904.0000    1.514623    0.0000000000
  905.0000    1.514606    0.0000000000
  906.0000    1.514590    0.0000000000
  907.0000    1.514574    0.0000000000
  908.0000    1.514558    0.0000000000
  909.0000    1.514542    0.0000000000
  910.0000    1.514526    0.0000000000
  911.0000    1.514511    0.0000000000
  912.0000    1.514495    0.0000000000
  913.0000    1.514479    0.0000000000
  914.0000    1.514463    0.0000000000
  915.0000    1.514447    0.0000000000
  916.0000    1.514431    0.0000000000
  917.0000    1.514416    0.0000000000
  918.0000    1.514400    0.0000000000
  919.0000    1.514384    0.0000000000
  920.0000    1.514369    0.0000000000
  921.0000    1.514353    0.0000000000
  922.0000    1.514338    0.0000000000
  923.0000    1.514322    0.0000000000
  924.0000    1.514307    0.0000000000
  925.0000    1.514291    0.0000000000
  926.0000    1.514276    0.0000000000
  927.0000    1.514260    0.0000000000
  928.0000    1.514245    0.0000000000
  929.0000    1.514230    0.0000000000
  930.0000    1.514214    0.0000000000
  931.0000    1.514199    0.0000000000
  932.0000    1.514184    0.0000000000
  933.0000    1.514168    0.0000000000
  934.0000    1.514153    0.0000000000
  935.0000    1.514138    0.0000000000
  936.0000    1.514123    0.0000000000
  937.0000    1.514108    0.0000000000
  938.0000    1.514093    0.0000000000
  939.0000    1.514077    0.0000000000
  940.0000    1.514062    0.0000000000
  941.0000    1.514047    0.0000000000
  942.0000    1.514032    0.0000000000
  943.0000    1.514017    0.0000000000
  944.0000    1.514002    0.0000000000
  945.0000    1.513988    0.0000000000
  946.0000    1.513973    0.0000000000
  947.0000    1.513958    0.0000000000
  948.0000    1.513943    0.0000000000
  949.0000    1.513928    0.0000000000
  950.0000    1.513913    0.0000000000
  951.0000    1.513899    0.0000000000
  952.0000    1.513884    0.0000000000
  953.0000    1.513869    0.0000000000
  954.0000    1.513854    0.0000000000
  955.0000    1.513840    0.0000000000
  956.0000    1.513825    0.0000000000
  957.0000    1.513811    0.0000000000
  958.0000    1.513796    0.0000000000
  959.0000    1.513781    0.0000000000
  960.0000    1.513767    0.0000000000
  961.0000    1.513752    0.0000000000
  962.0000    1.513738    0.0000000000
  963.0000    1.513723    0.0000000000
  964.0000    1.513709    0.0000000000
  965.0000    1.513695    0.0000000000
  966.0000    1.513680    0.0000000000
  967.0000    1.513666    0.0000000000
  968.0000    1.513651    0.0000000000
  969.0000    1.513637    0.0000000000
  970.0000    1.513623    0.0000000000
  971.0000    1.513609    0.0000000000
  972.0000    1.513594    0.0000000000
  973.0000    1.513580    0.0000000000
  974.0000    1.513566    0.0000000000
  975.0000    1.513552    0.0000000000
  976.0000    1.513537    0.0000000000
  977.0000    1.513523    0.0000000000
  978.0000    1.513509    0.0000000000
  979.0000    1.513495    0.0000000000
  980.0000    1.513481    0.0000000000
  981.0000    1.513467    0.0000000000
  982.0000    1.513453    0.0000000000
  983.0000    1.513439    0.0000000000
  984.0000    1.513425    0.0000000000
  985.0000    1.513411    0.0000000000
  986.0000    1.513397    0.0000000000
  987.0000    1.513383    0.0000000000
  988.0000    1.513369    0.0000000000
  989.0000    1.513355    0.0000000000
  990.0000    1.513341    0.0000000000
  991.0000    1.513328    0.0000000000
  992.0000    1.513314    0.0000000000
  993.0000    1.513300    0.0000000000
  994.0000    1.513286    0.0000000000
  995.0000    1.513273    0.0000000000
  996.0000    1.513259    0.0000000000
  997.0000    1.513245    0.0000000000
  998.0000    1.513231    0.0000000000
  999.0000    1.513218    0.0000000000
 1000.0000    1.513204    0.0000000000
 1001.0000    1.513190    0.0000000000
 1002.0000    1.513177    0.0000000000
 1003.0000    1.513163    0.0000000000
 1004.0000    1.513150    0.0000000000
 1005.0000    1.513136    0.0000000000
 1006.0000    1.513122    0.0000000000
 1007.0000    1.513109    0.0000000000
 1008.0000    1.513095    0.0000000000
 1009.0000    1.513082    0.0000000000
 1010.0000    1.513069    0.0000000000
 1011.0000    1.513055    0.0000000000
 1012.0000    1.513042    0.0000000000
 1013.0000    1.513028    0.0000000000
 1014.0000    1.513015    0.0000000000
 1015.0000    1.513001    0.0000000000
 1016.0000    1.512988    0.0000000000
 1017.0000    1.512975    0.0000000000
 1018.0000    1.512961    0.0000000000
 1019.0000    1.512948    0.0000000000
 1020.0000    1.512935    0.0000000000
 1021.0000    1.512922    0.0000000000
 1022.0000    1.512908    0.0000000000
 1023.0000    1.512895    0.0000000000
 1024.0000    1.512882    0.0000000000
 1025.0000    1.512869    0.0000000000
 1026.0000    1.512856    0.0000000000
 1027.0000    1.512842    0.0000000000
 1028.0000    1.512829    0.0000000000
 1029.0000    1.512816    0.0000000000
 1030.0000    1.512803    0.0000000000
 1031.0000    1.512790    0.0000000000
 1032.0000    1.512777    0.0000000000
 1033.0000    1.512764    0.0000000000
 1034.0000    1.512751    0.0000000000
 1035.0000    1.512738    0.0000000000
 1036.0000    1.512725    0.0000000000
 1037.0000    1.512712    0.0000000000
 1038.0000    1.512699    0.0000000000
 1039.0000    1.512686    0.0000000000
 1040.0000    1.512673    0.0000000000
 1041.0000    1.512660    0.0000000000
 1042.0000    1.512647    0.0000000000
 1043.0000    1.512634    0.0000000000
 1044.0000    1.512621    0.0000000000
 1045.0000    1.512608    0.0000000000
 1046.0000    1.512596    0.0000000000
 1047.0000    1.512583    0.0000000000
 1048.0000    1.512570    0.0000000000
 1049.0000    1.512557    0.0000000000
 1050.0000    1.512544    0.0000000000
 1051.0000    1.512532    0.0000000000
 1052.0000    1.512519    0.0000000000
 1053.0000    1.512506    0.0000000000
 1054.0000    1.512493    0.0000000000
 1055.0000    1.512481    0.0000000000
 1056.0000    1.512468    0.0000000000
 1057.0000    1.512455    0.0000000000
 1058.0000    1.512443    0.0000000000
 1059.0000    1.512430    0.0000000000
 1060.0000    1.512417    0.0000000000
 1061.0000    1.512405    0.0000000000
 1062.0000    1.512392    0.0000000000
 1063.0000    1.512379    0.0000000000
 1064.0000    1.512367    0.0000000000
 1065.0000    1.512354    0.0000000000
 1066.0000    1.512342    0.0000000000
 1067.0000    1.512329    0.0000000000
 1068.0000    1.512317    0.0000000000
 1069.0000    1.512304    0.0000000000
 1070.0000    1.512292    0.0000000000
 1071.0000    1.512279    0.0000000000
 1072.0000    1.512267    0.0000000000
 1073.0000    1.512254    0.0000000000
 1074.0000    1.512242    0.0000000000
 1075.0000    1.512229    0.0000000000
 1076.0000    1.512217    0.0000000000
 1077.0000    1.512204    0.0000000000
 1078.0000    1.512192    0.0000000000
 1079.0000    1.512180    0.0000000000
 1080.0000    1.512167    0.0000000000
 1081.0000    1.512155    0.0000000000
 1082.0000    1.512143    0.0000000000
 1083.0000    1.512130    0.0000000000
 1084.0000    1.512118    0.0000000000
 1085.0000    1.512106    0.0000000000
 1086.0000    1.512093    0.0000000000
 1087.0000    1.512081    0.0000000000
 1088.0000    1.512069    0.0000000000
 1089.0000    1.512057    0.0000000000
 1090.0000    1.512044    0.0000000000
 1091.0000    1.512032    0.0000000000
 1092.0000    1.512020    0.0000000000
 1093.0000    1.512008    0.0000000000
 1094.0000    1.511995    0.0000000000
 1095.0000    1.511983    0.0000000000
 1096.0000    1.511971    0.0000000000
 1097.0000    1.511959    0.0000000000
 1098.0000    1.511947    0.0000000000
 1099.0000    1.511935    0.0000000000
 1100.0000    1.511923    0.0000000000
 1101.0000    1.511910    0.0000000000
 1102.0000    1.511898    0.0000000000
 1103.0000    1.511886    0.0000000000
 1104.0000    1.511874    0.0000000000
 1105.0000    1.511862    0.0000000000
 1106.0000    1.511850    0.0000000000
 1107.0000    1.511838    0.0000000000
 1108.0000    1.511826    0.0000000000
 1109.0000    1.511814    0.0000000000
 1110.0000    1.511802    0.0000000000
 1111.0000    1.511790    0.0000000000
 1112.0000    1.511778    0.0000000000
 1113.0000    1.511766    0.0000000000
 1114.0000    1.511754    0.0000000000
 1115.0000    1.511742    0.0000000000
 1116.0000    1.511730    0.0000000000
 1117.0000    1.511718    0.0000000000
 1118.0000    1.511706    0.0000000000
 1119.0000    1.511694    0.0000000000
 1120.0000    1.511682    0.0000000000
 1121.0000    1.511671    0.0000000000
 1122.0000    1.511659    0.0000000000
 1123.0000    1.511647    0.0000000000
 1124.0000    1.511635    0.0000000000
 1125.0000    1.511623    0.0000000000
 1126.0000    1.511611    0.0000000000
 1127.0000    1.511599    0.0000000000
 1128.0000    1.511588    0.0000000000
 1129.0000    1.511576    0.0000000000
 1130.0000    1.511564    0.0000000000
 1131.0000    1.511552    0.0000000000
 1132.0000    1.511540    0.0000000000
 1133.0000    1.511529    0.0000000000
 1134.0000    1.511517    0.0000000000
 1135.0000    1.511505    0.0000000000
 1136.0000    1.511493    0.0000000000
 1137.0000    1.511482    0.0000000000
 1138.0000    1.511470    0.0000000000
 1139.0000    1.511458    0.0000000000
 1140.0000    1.511446    0.0000000000
 1141.0000    1.511435    0.0000000000
 1142.0000    1.511423    0.0000000000
 1143.0000    1.511411    0.0000000000
 1144.0000    1.511400    0.0000000000
 1145.0000    1.511388    0.0000000000
 1146.0000    1.511376    0.0000000000
 1147.0000    1.511365    0.0000000000
 1148.0000    1.511353    0.0000000000
 1149.0000    1.511341    0.0000000000
 1150.0000    1.511330    0.0000000000
 1151.0000    1.511318    0.0000000000
 1152.0000    1.511307    0.0000000000
 1153.0000    1.511295    0.0000000000
 1154.0000    1.511283    0.0000000000
 1155.0000    1.511272    0.0000000000
 1156.0000    1.511260    0.0000000000
 1157.0000    1.511249    0.0000000000
 1158.0000    1.511237    0.0000000000
 1159.0000    1.511226    0.0000000000
 1160.0000    1.511214    0.0000000000
 1161.0000    1.511203    0.0000000000
 1162.0000    1.511191    0.0000000000
 1163.0000    1.511179    0.0000000000
 1164.0000    1.511168    0.0000000000
 1165.0000    1.511156    0.0000000000
 1166.0000    1.511145    0.0000000000
 1167.0000    1.511134    0.0000000000
 1168.0000    1.511122    0.0000000000
 1169.0000    1.511111    0.0000000000
 1170.0000    1.511099    0.0000000000
 1171.0000    1.511088    0.0000000000
 1172.0000    1.511076    0.0000000000
 1173.0000    1.511065    0.0000000000
 1174.0000    1.511053    0.0000000000
 1175.0000    1.511042    0.0000000000
 1176.0000    1.511031    0.0000000000
 1177.0000    1.511019    0.0000000000
 1178.0000    1.511008    0.0000000000
 1179.0000    1.510996    0.0000000000
 1180.0000    1.510985    0.0000000000
 1181.0000    1.510974    0.0000000000
 1182.0000    1.510962    0.0000000000
 1183.0000    1.510951    0.0000000000
 1184.0000    1.510939    0.0000000000
 1185.0000    1.510928    0.0000000000
 1186.0000    1.510917    0.0000000000
 1187.0000    1.510905    0.0000000000
 1188.0000    1.510894    0.0000000000
 1189.0000    1.510883    0.0000000000
 1190.0000    1.510871    0.0000000000
 1191.0000    1.510860    0.0000000000
 1192.0000    1.510849    0.0000000000
 1193.0000    1.510838    0.0000000000
 1194.0000    1.510826    0.0000000000
 1195.0000    1.510815    0.0000000000
 1196.0000    1.510804    0.0000000000
 1197.0000    1.510792    0.0000000000
 1198.0000    1.510781    0.0000000000
 1199.0000    1.510770    0.0000000000
 1200.0000    1.510759    0.0000000000
